Determining if the pthread_create exist failed with the following output:
Change Dir: /home/ace/GitOwn/slambook/code/ch5/joinMap/build/CMakeFiles/CMakeTmp

Run Build Command:"/usr/bin/make" "cmTC_ac6b1/fast"
/usr/bin/make -f CMakeFiles/cmTC_ac6b1.dir/build.make CMakeFiles/cmTC_ac6b1.dir/build
make[1]: Entering directory '/home/ace/GitOwn/slambook/code/ch5/joinMap/build/CMakeFiles/CMakeTmp'
Building C object CMakeFiles/cmTC_ac6b1.dir/CheckSymbolExists.c.o
/usr/bin/cc     -o CMakeFiles/cmTC_ac6b1.dir/CheckSymbolExists.c.o   -c /home/ace/GitOwn/slambook/code/ch5/joinMap/build/CMakeFiles/CMakeTmp/CheckSymbolExists.c
Linking C executable cmTC_ac6b1
/usr/bin/cmake -E cmake_link_script CMakeFiles/cmTC_ac6b1.dir/link.txt --verbose=1
/usr/bin/cc       CMakeFiles/cmTC_ac6b1.dir/CheckSymbolExists.c.o  -o cmTC_ac6b1 
CMakeFiles/cmTC_ac6b1.dir/CheckSymbolExists.c.o：在函数‘main’中：
CheckSymbolExists.c:(.text+0x16)：对‘pthread_create’未定义的引用
collect2: error: ld returned 1 exit status
CMakeFiles/cmTC_ac6b1.dir/build.make:97: recipe for target 'cmTC_ac6b1' failed
make[1]: *** [cmTC_ac6b1] Error 1
make[1]: Leaving directory '/home/ace/GitOwn/slambook/code/ch5/joinMap/build/CMakeFiles/CMakeTmp'
Makefile:126: recipe for target 'cmTC_ac6b1/fast' failed
make: *** [cmTC_ac6b1/fast] Error 2

File /home/ace/GitOwn/slambook/code/ch5/joinMap/build/CMakeFiles/CMakeTmp/CheckSymbolExists.c:
/* */
#include <pthread.h>

int main(int argc, char** argv)
{
  (void)argv;
#ifndef pthread_create
  return ((int*)(&pthread_create))[argc];
#else
  (void)argc;
  return 0;
#endif
}

Determining if the function pthread_create exists in the pthreads failed with the following output:
Change Dir: /home/ace/GitOwn/slambook/code/ch5/joinMap/build/CMakeFiles/CMakeTmp

Run Build Command:"/usr/bin/make" "cmTC_961c3/fast"
/usr/bin/make -f CMakeFiles/cmTC_961c3.dir/build.make CMakeFiles/cmTC_961c3.dir/build
make[1]: Entering directory '/home/ace/GitOwn/slambook/code/ch5/joinMap/build/CMakeFiles/CMakeTmp'
Building C object CMakeFiles/cmTC_961c3.dir/CheckFunctionExists.c.o
/usr/bin/cc    -DCHECK_FUNCTION_EXISTS=pthread_create   -o CMakeFiles/cmTC_961c3.dir/CheckFunctionExists.c.o   -c /usr/share/cmake-3.5/Modules/CheckFunctionExists.c
Linking C executable cmTC_961c3
/usr/bin/cmake -E cmake_link_script CMakeFiles/cmTC_961c3.dir/link.txt --verbose=1
/usr/bin/cc   -DCHECK_FUNCTION_EXISTS=pthread_create    CMakeFiles/cmTC_961c3.dir/CheckFunctionExists.c.o  -o cmTC_961c3 -lpthreads 
/usr/bin/ld: 找不到 -lpthreads
collect2: error: ld returned 1 exit status
CMakeFiles/cmTC_961c3.dir/build.make:97: recipe for target 'cmTC_961c3' failed
make[1]: *** [cmTC_961c3] Error 1
make[1]: Leaving directory '/home/ace/GitOwn/slambook/code/ch5/joinMap/build/CMakeFiles/CMakeTmp'
Makefile:126: recipe for target 'cmTC_961c3/fast' failed
make: *** [cmTC_961c3/fast] Error 2


